Build started 12/6/2011 6:01:28 PM.
     1>Project "C:\Users\Cory\documents\visual studio 2010\Projects\bplus_tree\bplus_tree\bplus_tree.vcxproj" on node 2 (build target(s)).
     1>InitializeBuildStatus:
         Creating "Debug\bplus_tree.unsuccessfulbuild" because "AlwaysCreate" was specified.
       ClCompile:
         c:\Program Files (x86)\Microsoft Visual Studio 10.0\VC\bin\CL.exe /c /ZI /nologo /W3 /WX- /Od /Oy- /D _MBCS /Gm /EHsc /RTC1 /MDd /GS /fp:precise /Zc:wchar_t /Zc:forScope /Fo"Debug\\" /Fd"Debug\vc100.pdb" /Gd /TP /analyze- /errorReport:prompt "E:\CSCI 311\btree1\BPLUSTree.cpp"
         BPLUSTree.cpp
       Link:
         c:\Program Files (x86)\Microsoft Visual Studio 10.0\VC\bin\link.exe /ERRORREPORT:PROMPT /OUT:"C:\Users\Cory\documents\visual studio 2010\Projects\bplus_tree\Debug\bplus_tree.exe" /NOLOGO kernel32.lib user32.lib gdi32.lib winspool.lib comdlg32.lib advapi32.lib shell32.lib ole32.lib oleaut32.lib uuid.lib odbc32.lib odbccp32.lib /MANIFEST /ManifestFile:"Debug\bplus_tree.exe.intermediate.manifest" /MANIFESTUAC:"level='asInvoker' uiAccess='false'" /DEBUG /PDB:"C:\Users\Cory\documents\visual studio 2010\Projects\bplus_tree\Debug\bplus_tree.pdb" /TLBID:1 /DYNAMICBASE /NXCOMPAT /IMPLIB:"C:\Users\Cory\documents\visual studio 2010\Projects\bplus_tree\Debug\bplus_tree.lib" /MACHINE:X86 Debug\BPLUSTree.obj
         Debug\TEST_BPLUSTree.obj
         LINK : C:\Users\Cory\documents\visual studio 2010\Projects\bplus_tree\Debug\bplus_tree.exe not found or not built by the last incremental link; performing full link
         bplus_tree.vcxproj -> C:\Users\Cory\documents\visual studio 2010\Projects\bplus_tree\Debug\bplus_tree.exe
       Manifest:
         C:\Program Files (x86)\Microsoft SDKs\Windows\v7.0A\bin\mt.exe /nologo /verbose /outputresource:"C:\Users\Cory\documents\visual studio 2010\Projects\bplus_tree\Debug\bplus_tree.exe;#1" /manifest Debug\bplus_tree.exe.intermediate.manifest
       FinalizeBuildStatus:
         Deleting file "Debug\bplus_tree.unsuccessfulbuild".
         Touching "Debug\bplus_tree.lastbuildstate".
     1>Done Building Project "C:\Users\Cory\documents\visual studio 2010\Projects\bplus_tree\bplus_tree\bplus_tree.vcxproj" (build target(s)).

Build succeeded.

Time Elapsed 00:00:01.60
