Build started 9/12/2013 11:04:11 AM.
     1>Project "c:\Users\Cory\documents\visual studio 2010\Projects\Link-List\Link-List\Link-List.vcxproj" on node 2 (build target(s)).
     1>InitializeBuildStatus:
         Creating "Debug\Link-List.unsuccessfulbuild" because "AlwaysCreate" was specified.
       ClCompile:
         c:\Program Files (x86)\Microsoft Visual Studio 10.0\VC\bin\CL.exe /c /ZI /nologo /W3 /WX- /Od /Oy- /D _MBCS /Gm /EHsc /RTC1 /MDd /GS /fp:precise /Zc:wchar_t /Zc:forScope /Fo"Debug\\" /Fd"Debug\vc100.pdb" /Gd /TP /analyze- /errorReport:prompt stack.cpp
         stack.cpp
       Link:
         c:\Program Files (x86)\Microsoft Visual Studio 10.0\VC\bin\link.exe /ERRORREPORT:PROMPT /OUT:"c:\users\cory\documents\visual studio 2010\Projects\Link-List\Debug\Link-List.exe" /NOLOGO kernel32.lib user32.lib gdi32.lib winspool.lib comdlg32.lib advapi32.lib shell32.lib ole32.lib oleaut32.lib uuid.lib odbc32.lib odbccp32.lib /MANIFEST /ManifestFile:"Debug\Link-List.exe.intermediate.manifest" /MANIFESTUAC:"level='asInvoker' uiAccess='false'" /DEBUG /PDB:"c:\users\cory\documents\visual studio 2010\Projects\Link-List\Debug\Link-List.pdb" /TLBID:1 /DYNAMICBASE /NXCOMPAT /IMPLIB:"c:\users\cory\documents\visual studio 2010\Projects\Link-List\Debug\Link-List.lib" /MACHINE:X86 Debug\main.obj
         Debug\stack.obj
         LINK : c:\users\cory\documents\visual studio 2010\Projects\Link-List\Debug\Link-List.exe not found or not built by the last incremental link; performing full link
         Link-List.vcxproj -> c:\users\cory\documents\visual studio 2010\Projects\Link-List\Debug\Link-List.exe
       Manifest:
         C:\Program Files (x86)\Microsoft SDKs\Windows\v7.0A\bin\mt.exe /nologo /verbose /outputresource:"c:\users\cory\documents\visual studio 2010\Projects\Link-List\Debug\Link-List.exe;#1" /manifest "Debug\Link-List.exe.intermediate.manifest"
       FinalizeBuildStatus:
         Deleting file "Debug\Link-List.unsuccessfulbuild".
         Touching "Debug\Link-List.lastbuildstate".
     1>Done Building Project "c:\Users\Cory\documents\visual studio 2010\Projects\Link-List\Link-List\Link-List.vcxproj" (build target(s)).

Build succeeded.

Time Elapsed 00:00:00.85
