Build started 9/27/2012 5:56:55 PM.
     1>Project "C:\Users\Cory\documents\visual studio 2010\Projects\undirected graph\undirected graph\undirected graph.vcxproj" on node 2 (build target(s)).
     1>InitializeBuildStatus:
         Creating "Debug\undirected graph.unsuccessfulbuild" because "AlwaysCreate" was specified.
       ClCompile:
         C:\Program Files (x86)\Microsoft Visual Studio 10.0\VC\bin\CL.exe /c /ZI /nologo /W3 /WX- /Od /Oy- /D _MBCS /Gm /EHsc /RTC1 /MDd /GS /fp:precise /Zc:wchar_t /Zc:forScope /Fo"Debug\\" /Fd"Debug\vc100.pdb" /Gd /TP /analyze- /errorReport:prompt "..\..\..\..\..\Desktop\undirected graph\main_graphs.cpp"
         main_graphs.cpp
     1>c:\users\cory\desktop\undirected graph\main_graphs.cpp(44): warning C4101: 'source' : unreferenced local variable
       Link:
         C:\Program Files (x86)\Microsoft Visual Studio 10.0\VC\bin\link.exe /ERRORREPORT:PROMPT /OUT:"C:\Users\Cory\documents\visual studio 2010\Projects\undirected graph\Debug\undirected graph.exe" /NOLOGO kernel32.lib user32.lib gdi32.lib winspool.lib comdlg32.lib advapi32.lib shell32.lib ole32.lib oleaut32.lib uuid.lib odbc32.lib odbccp32.lib /MANIFEST /ManifestFile:"Debug\undirected graph.exe.intermediate.manifest" /MANIFESTUAC:"level='asInvoker' uiAccess='false'" /DEBUG /PDB:"C:\Users\Cory\documents\visual studio 2010\Projects\undirected graph\Debug\undirected graph.pdb" /TLBID:1 /DYNAMICBASE /NXCOMPAT /IMPLIB:"C:\Users\Cory\documents\visual studio 2010\Projects\undirected graph\Debug\undirected graph.lib" /MACHINE:X86 Debug\graphs.obj
         Debug\main_graphs.obj
         LINK : C:\Users\Cory\documents\visual studio 2010\Projects\undirected graph\Debug\undirected graph.exe not found or not built by the last incremental link; performing full link
         undirected graph.vcxproj -> C:\Users\Cory\documents\visual studio 2010\Projects\undirected graph\Debug\undirected graph.exe
       Manifest:
         C:\Program Files (x86)\Microsoft SDKs\Windows\v7.0A\bin\mt.exe /nologo /verbose /outputresource:"C:\Users\Cory\documents\visual studio 2010\Projects\undirected graph\Debug\undirected graph.exe;#1" /manifest "Debug\undirected graph.exe.intermediate.manifest"
       FinalizeBuildStatus:
         Deleting file "Debug\undirected graph.unsuccessfulbuild".
         Touching "Debug\undirected graph.lastbuildstate".
     1>Done Building Project "C:\Users\Cory\documents\visual studio 2010\Projects\undirected graph\undirected graph\undirected graph.vcxproj" (build target(s)).

Build succeeded.

Time Elapsed 00:00:01.18
